<?xml version="1.0" encoding="UTF-8"?>
<!-- Generated by org.testng.reporters.JUnitReportReporter -->
<testsuite skipped="0" hostname="DESKTOP-AA4AD8I" name="com.project.DigitalProject.CheckBox1" tests="2" failures="0" timestamp="31 Oct 2019 05:22:13 GMT" time="28.656" errors="0">
  <testcase name="checkboxTest" time="16.566" classname="com.project.DigitalProject.CheckBox1"/>
  <testcase name="checkboxTest" time="12.090" classname="com.project.DigitalProject.CheckBox1"/>
</testsuite> <!-- com.project.DigitalProject.CheckBox1 -->
