<?xml version="1.0" encoding="UTF-8"?>
<!-- Generated by org.testng.reporters.JUnitReportReporter -->
<testsuite skipped="0" hostname="DESKTOP-AA4AD8I" name="com.excelOperations.TC_003" tests="3" failures="0" timestamp="12 Nov 2019 05:15:21 GMT" time="0.024" errors="0">
  <testcase name="f" time="0.017" classname="com.excelOperations.TC_003"/>
  <testcase name="f" time="0.004" classname="com.excelOperations.TC_003"/>
  <testcase name="f" time="0.003" classname="com.excelOperations.TC_003"/>
</testsuite> <!-- com.excelOperations.TC_003 -->
