<?xml version="1.0" encoding="UTF-8"?>
<!-- Generated by org.testng.reporters.JUnitReportReporter -->
<testsuite skipped="0" hostname="DESKTOP-AA4AD8I" name="com.project.DigitalProject.TC_003" tests="2" failures="0" timestamp="31 Oct 2019 05:22:13 GMT" time="37.023" errors="0">
  <testcase name="amazon" time="23.943" classname="com.project.DigitalProject.TC_003"/>
  <testcase name="amazon" time="13.080" classname="com.project.DigitalProject.TC_003"/>
</testsuite> <!-- com.project.DigitalProject.TC_003 -->
