<?xml version="1.0" encoding="UTF-8"?>
<!-- Generated by org.testng.reporters.JUnitReportReporter -->
<testsuite skipped="0" hostname="DESKTOP-AA4AD8I" name="com.excelOperations.TestA" tests="4" failures="0" timestamp="12 Nov 2019 05:00:36 GMT" time="0.018" errors="0">
  <testcase name="testA" time="0.012" classname="com.excelOperations.TestA"/>
  <testcase name="testA" time="0.002" classname="com.excelOperations.TestA"/>
  <testcase name="testA" time="0.002" classname="com.excelOperations.TestA"/>
  <testcase name="testA" time="0.002" classname="com.excelOperations.TestA"/>
</testsuite> <!-- com.excelOperations.TestA -->
