<?xml version="1.0" encoding="UTF-8"?>
<!-- Generated by org.testng.reporters.JUnitReportReporter -->
<testsuite skipped="0" hostname="DESKTOP-AA4AD8I" name="com.project.DigitalProject.TC_003" tests="1" failures="0" timestamp="01 Nov 2019 05:10:01 GMT" time="25.742" errors="0">
  <testcase name="amazon" time="25.742" classname="com.project.DigitalProject.TC_003"/>
</testsuite> <!-- com.project.DigitalProject.TC_003 -->
