<?xml version="1.0" encoding="UTF-8"?>
<!-- Generated by org.testng.reporters.JUnitReportReporter -->
<testsuite skipped="0" hostname="DESKTOP-AA4AD8I" name="com.project.DigitalProject.CheckBox1" tests="1" failures="0" timestamp="01 Nov 2019 05:10:01 GMT" time="12.782" errors="0">
  <testcase name="checkboxTest" time="12.782" classname="com.project.DigitalProject.CheckBox1"/>
</testsuite> <!-- com.project.DigitalProject.CheckBox1 -->
