<?xml version="1.0" encoding="UTF-8"?>
<!-- Generated by org.testng.reporters.JUnitReportReporter -->
<testsuite skipped="0" hostname="DESKTOP-AA4AD8I" name="suiteD.TestD1" tests="1" failures="0" timestamp="01 Nov 2019 04:44:45 GMT" time="5.015" errors="0">
  <testcase name="testD1" time="5.015" classname="suiteD.TestD1"/>
</testsuite> <!-- suiteD.TestD1 -->
