<?xml version="1.0" encoding="UTF-8"?>
<!-- Generated by org.testng.reporters.JUnitReportReporter -->
<testsuite skipped="0" hostname="DESKTOP-AA4AD8I" name="com.excelOperations.FaceBook" tests="1" failures="0" timestamp="08 Nov 2019 05:17:39 GMT" time="24.408" errors="0">
  <testcase name="fb" time="24.408" classname="com.excelOperations.FaceBook"/>
</testsuite> <!-- com.excelOperations.FaceBook -->
