<?xml version="1.0" encoding="UTF-8"?>
<!-- Generated by org.testng.reporters.JUnitReportReporter -->
<testsuite skipped="0" hostname="DESKTOP-AA4AD8I" name="suiteC.TestC1" tests="1" failures="0" timestamp="01 Nov 2019 04:44:45 GMT" time="5.002" errors="0">
  <testcase name="testC1" time="5.002" classname="suiteC.TestC1"/>
</testsuite> <!-- suiteC.TestC1 -->
