<?xml version="1.0" encoding="UTF-8"?>
<!-- Generated by org.testng.reporters.JUnitReportReporter -->
<testsuite skipped="0" hostname="DESKTOP-AA4AD8I" name="com.project.DigitalProject.LinksTesting1" tests="1" failures="0" timestamp="01 Nov 2019 05:10:01 GMT" time="8.422" errors="0">
  <testcase name="linktesting1" time="8.422" classname="com.project.DigitalProject.LinksTesting1"/>
</testsuite> <!-- com.project.DigitalProject.LinksTesting1 -->
