<?xml version="1.0" encoding="UTF-8"?>
<!-- Generated by org.testng.reporters.JUnitReportReporter -->
<testsuite skipped="0" hostname="DESKTOP-AA4AD8I" name="com.project.DigitalProject.TC_001" tests="1" failures="0" timestamp="31 Oct 2019 04:43:20 GMT" time="0.002" errors="0">
  <testcase name="f" time="0.002" classname="com.project.DigitalProject.TC_001"/>
</testsuite> <!-- com.project.DigitalProject.TC_001 -->
