<?xml version="1.0" encoding="UTF-8"?>
<!-- Generated by org.testng.reporters.JUnitReportReporter -->
<testsuite skipped="0" hostname="DESKTOP-AA4AD8I" name="com.project.DigitalProject.RadioButton1" tests="2" failures="0" timestamp="31 Oct 2019 05:22:13 GMT" time="27.482" errors="0">
  <testcase name="checkboxTest" time="10.323" classname="com.project.DigitalProject.RadioButton1"/>
  <testcase name="checkboxTest" time="17.159" classname="com.project.DigitalProject.RadioButton1"/>
</testsuite> <!-- com.project.DigitalProject.RadioButton1 -->
