<?xml version="1.0" encoding="UTF-8"?>
<!-- Generated by org.testng.reporters.JUnitReportReporter -->
<testsuite skipped="0" hostname="DESKTOP-AA4AD8I" name="com.pageobjectmodel.LoginTest" tests="2" failures="0" timestamp="15 Nov 2019 05:15:54 GMT" time="47.932" errors="0">
  <testcase name="login" time="24.305" classname="com.pageobjectmodel.LoginTest"/>
  <testcase name="registration" time="23.627" classname="com.pageobjectmodel.LoginTest"/>
</testsuite> <!-- com.pageobjectmodel.LoginTest -->
