<?xml version="1.0" encoding="UTF-8"?>
<!-- Generated by org.testng.reporters.JUnitReportReporter -->
<testsuite skipped="1" hostname="DESKTOP-AA4AD8I" name="com.frames.FrameDemo1" tests="2" failures="0" timestamp="18 Nov 2019 04:41:18 GMT" time="6.943" errors="0">
  <testcase name="javadocs" time="6.943" classname="com.frames.FrameDemo1"/>
  <testcase name="frameDemo1" classname="com.frames.FrameDemo1">
    <skipped/>
  </testcase> <!-- frameDemo1 -->
</testsuite> <!-- com.frames.FrameDemo1 -->
