<?xml version="1.0" encoding="UTF-8"?>
<!-- Generated by org.testng.reporters.JUnitReportReporter -->
<testsuite skipped="1" hostname="DESKTOP-AA4AD8I" name="com.project.DigitalProject.TC_002" tests="3" failures="0" timestamp="31 Oct 2019 04:43:20 GMT" time="0.010" errors="0">
  <testcase name="a" time="0.007" classname="com.project.DigitalProject.TC_002"/>
  <testcase name="f" time="0.003" classname="com.project.DigitalProject.TC_002"/>
  <testcase name="z" classname="com.project.DigitalProject.TC_002">
    <skipped/>
  </testcase> <!-- z -->
</testsuite> <!-- com.project.DigitalProject.TC_002 -->
