<?xml version="1.0" encoding="UTF-8"?>
<!-- Generated by org.testng.reporters.JUnitReportReporter -->
<testsuite skipped="0" hostname="DESKTOP-AA4AD8I" name="com.project.DigitalProject.LinksTesting1" tests="2" failures="0" timestamp="31 Oct 2019 05:22:13 GMT" time="33.935" errors="0">
  <testcase name="linktesting1" time="13.921" classname="com.project.DigitalProject.LinksTesting1"/>
  <testcase name="linktesting1" time="20.014" classname="com.project.DigitalProject.LinksTesting1"/>
</testsuite> <!-- com.project.DigitalProject.LinksTesting1 -->
